Running: D:\ISE\14.7\ISE_DS\ISE\bin\nt64\unwrapped\fuse.exe -intstyle ise -incremental -lib unisims_ver -lib unimacro_ver -lib xilinxcorelib_ver -o C:/Users/michal/Desktop/sdCardTest/fSB_TEST_isim_beh.exe -prj C:/Users/michal/Desktop/sdCardTest/fSB_TEST_beh.prj work.fSB_TEST work.glbl 
ISim P.20131013 (signature 0x7708f090)
Number of CPUs detected in this system: 4
Turning on mult-threading, number of parallel sub-compilation jobs: 8 
Determining compilation order of HDL files
Analyzing Verilog file "C:/Users/michal/Desktop/sdCardTest/fastSerialBus.v" into library work
Analyzing Verilog file "C:/Users/michal/Desktop/sdCardTest/fSB_TEST.v" into library work
Analyzing Verilog file "D:/ISE/14.7/ISE_DS/ISE//verilog/src/glbl.v" into library work
Starting static elaboration
WARNING:HDLCompiler:1016 - "C:/Users/michal/Desktop/sdCardTest/fSB_TEST.v" Line 20: Port tDONE is not connected to this instance
WARNING:HDLCompiler:1016 - "C:/Users/michal/Desktop/sdCardTest/fSB_TEST.v" Line 40: Port tDONE is not connected to this instance
Completed static elaboration
Compiling module fastSerialBus
Compiling module fSB_TEST
Compiling module glbl
Time Resolution for simulation is 1ps.
Waiting for 1 sub-compilation(s) to finish...
Compiled 3 Verilog Units
Built simulation executable C:/Users/michal/Desktop/sdCardTest/fSB_TEST_isim_beh.exe
Fuse Memory Usage: 27772 KB
Fuse CPU Usage: 796 ms
