Command line:
   diskAccessController_isim_beh.exe
     -simmode  gui
     -simrunnum  0
     -socket  57230

Sat Aug 22 18:19:12 2020


 Elaboration Time: 0.03125 sec

 Current Memory Usage: 5160.85 Meg

 Total Signals          : 19
 Total Nets             : 142
 Total Signal Drivers   : 13
 Total Blocks           : 2
 Total Primitive Blocks : 2
 Total Processes        : 15
 Total Traceable Variables  : 21
 Total Scalar Nets and Variables : 228
Total Line Count : 28

 Total Simulation Time: 0.046875 sec

 Current Memory Usage: 5003.56 Meg

Sat Aug 22 18:20:31 2020

